Apr-03 18:54:20.798 [main] DEBUG nextflow.cli.Launcher - $> nextflow run main.nf
Apr-03 18:54:21.073 [main] DEBUG nextflow.cli.CmdRun - N E X T F L O W  ~  version 24.10.5
Apr-03 18:54:21.107 [main] DEBUG nextflow.plugin.PluginsFacade - Setting up plugin manager > mode=prod; embedded=false; plugins-dir=/home/codespace/.nextflow/plugins; core-plugins: nf-amazon@2.9.2,nf-azure@1.10.2,nf-cloudcache@0.4.2,nf-codecommit@0.2.2,nf-console@1.1.4,nf-google@1.15.4,nf-tower@1.9.3,nf-wave@1.7.4
Apr-03 18:54:21.146 [main] INFO  o.pf4j.DefaultPluginStatusProvider - Enabled plugins: []
Apr-03 18:54:21.149 [main] INFO  o.pf4j.DefaultPluginStatusProvider - Disabled plugins: []
Apr-03 18:54:21.155 [main] INFO  org.pf4j.DefaultPluginManager - PF4J version 3.12.0 in 'deployment' mode
Apr-03 18:54:21.172 [main] INFO  org.pf4j.AbstractPluginManager - No plugins
Apr-03 18:54:21.216 [main] DEBUG nextflow.config.ConfigBuilder - Found config local: /workspaces/Two_Step_Imputation/nextflow.config
Apr-03 18:54:21.223 [main] DEBUG nextflow.config.ConfigBuilder - Parsing config file: /workspaces/Two_Step_Imputation/nextflow.config
Apr-03 18:54:21.296 [main] DEBUG n.secret.LocalSecretsProvider - Secrets store: /home/codespace/.nextflow/secrets/store.json
Apr-03 18:54:21.301 [main] DEBUG nextflow.secret.SecretsLoader - Discovered secrets providers: [nextflow.secret.LocalSecretsProvider@3068b369] - activable => nextflow.secret.LocalSecretsProvider@3068b369
Apr-03 18:54:21.314 [main] DEBUG nextflow.config.ConfigBuilder - Applying config profile: `standard`
Apr-03 18:54:22.550 [main] DEBUG nextflow.cli.CmdRun - Applied DSL=2 from script declaration
Apr-03 18:54:22.579 [main] DEBUG nextflow.cli.CmdRun - Launching `main.nf` [reverent_williams] DSL2 - revision: 09ed3b8ebe
Apr-03 18:54:22.582 [main] DEBUG nextflow.plugin.PluginsFacade - Plugins default=[]
Apr-03 18:54:22.583 [main] DEBUG nextflow.plugin.PluginsFacade - Plugins resolved requirement=[]
Apr-03 18:54:22.665 [main] DEBUG nextflow.Session - Session UUID: 4dfa2b8b-c441-4a44-bf2f-e1469750fe06
Apr-03 18:54:22.665 [main] DEBUG nextflow.Session - Run name: reverent_williams
Apr-03 18:54:22.666 [main] DEBUG nextflow.Session - Executor pool size: 2
Apr-03 18:54:22.681 [main] DEBUG nextflow.file.FilePorter - File porter settings maxRetries=3; maxTransfers=50; pollTimeout=null
Apr-03 18:54:22.691 [main] DEBUG nextflow.util.ThreadPoolBuilder - Creating thread pool 'FileTransfer' minSize=10; maxSize=10; workQueue=LinkedBlockingQueue[-1]; allowCoreThreadTimeout=false
Apr-03 18:54:22.721 [main] DEBUG nextflow.cli.CmdRun - 
  Version: 24.10.5 build 5935
  Created: 04-03-2025 17:55 UTC 
  System: Linux 6.8.0-1021-azure
  Runtime: Groovy 4.0.23 on OpenJDK 64-Bit Server VM 21.0.6+7-LTS
  Encoding: UTF-8 (UTF-8)
  Process: 19284@codespaces-874781 [127.0.0.1]
  CPUs: 2 - Mem: 7.8 GB (339.6 MB) - Swap: 0 (0)
Apr-03 18:54:22.761 [main] DEBUG nextflow.Session - Work-dir: /workspaces/Two_Step_Imputation/work [ext2/ext3]
Apr-03 18:54:22.762 [main] DEBUG nextflow.Session - Script base path does not exist or is not a directory: /workspaces/Two_Step_Imputation/bin
Apr-03 18:54:22.777 [main] DEBUG nextflow.executor.ExecutorFactory - Extension executors providers=[]
Apr-03 18:54:22.789 [main] DEBUG nextflow.Session - Observer factory: DefaultObserverFactory
Apr-03 18:54:22.859 [main] DEBUG nextflow.cache.CacheFactory - Using Nextflow cache factory: nextflow.cache.DefaultCacheFactory
Apr-03 18:54:22.874 [main] DEBUG nextflow.util.CustomThreadPool - Creating default thread pool > poolSize: 3; maxThreads: 1000
Apr-03 18:54:22.955 [main] DEBUG nextflow.Session - Session start
Apr-03 18:54:22.960 [main] DEBUG nextflow.trace.TraceFileObserver - Workflow started -- trace file: /workspaces/Two_Step_Imputation_Results/pipeline_info/trace.txt
Apr-03 18:54:24.388 [main] DEBUG nextflow.script.ScriptRunner - > Launching execution
Apr-03 18:54:25.691 [main] INFO  nextflow.Nextflow - 
Two Step Imputation Pipeline - Nextflow
===========================================
Cohorts CSV   : /workspaces/Two_Step_Imputation/Cohorts_Info.csv
Output Dir    : /workspaces/Two_Step_Imputation/../Two_Step_Imputation_Results
Ref FASTA     : /workspaces/Two_Step_Imputation/dependencies/human_g1k_v37.fasta
Genetic Map   : /workspaces/Two_Step_Imputation/dependencies/genetic_map_hg19.txt.gz
CPUs          : 1
Minimac Rounds: 5
===========================================
NOTE: This pipeline performs cross-imputation 
between cohorts. Each cohort is imputed using 
all other cohorts as reference panels.
Reference panels are created during the pipeline run.
===========================================

Apr-03 18:54:25.699 [main] WARN  nextflow.script.ScriptBinding - Access to undefined parameter `help` -- Initialise it to a default value eg. `params.help = some_value`
Apr-03 18:54:26.009 [main] DEBUG nextflow.executor.ExecutorFactory - << taskConfig executor: local
Apr-03 18:54:26.010 [main] DEBUG nextflow.executor.ExecutorFactory - >> processorType: 'local'
Apr-03 18:54:26.017 [main] DEBUG nextflow.executor.Executor - [warm up] executor > local
Apr-03 18:54:26.028 [main] DEBUG n.processor.LocalPollingMonitor - Creating local task monitor for executor 'local' > cpus=1; memory=7.8 GB; capacity=2; pollInterval=100ms; dumpInterval=5m
Apr-03 18:54:26.032 [main] DEBUG n.processor.TaskPollingMonitor - >>> barrier register (monitor: local)
Apr-03 18:54:26.125 [main] DEBUG nextflow.executor.ExecutorFactory - << taskConfig executor: local
Apr-03 18:54:26.125 [main] DEBUG nextflow.executor.ExecutorFactory - >> processorType: 'local'
Apr-03 18:54:26.145 [main] DEBUG nextflow.executor.ExecutorFactory - << taskConfig executor: local
Apr-03 18:54:26.145 [main] DEBUG nextflow.executor.ExecutorFactory - >> processorType: 'local'
Apr-03 18:54:26.211 [main] DEBUG nextflow.executor.ExecutorFactory - << taskConfig executor: local
Apr-03 18:54:26.212 [main] DEBUG nextflow.executor.ExecutorFactory - >> processorType: 'local'
Apr-03 18:54:26.258 [main] DEBUG nextflow.executor.ExecutorFactory - << taskConfig executor: local
Apr-03 18:54:26.259 [main] DEBUG nextflow.executor.ExecutorFactory - >> processorType: 'local'
Apr-03 18:54:26.272 [main] DEBUG nextflow.script.ProcessConfig - Config settings `withName:PREPARE_R_INPUT` matches process PREPARE_R_INPUT
Apr-03 18:54:26.276 [main] DEBUG nextflow.executor.ExecutorFactory - << taskConfig executor: local
Apr-03 18:54:26.276 [main] DEBUG nextflow.executor.ExecutorFactory - >> processorType: 'local'
Apr-03 18:54:26.299 [main] DEBUG nextflow.script.ProcessConfig - Config settings `withName:RUN_R_SELECT` matches process RUN_R_SELECT
Apr-03 18:54:26.301 [main] DEBUG nextflow.executor.ExecutorFactory - << taskConfig executor: local
Apr-03 18:54:26.302 [main] DEBUG nextflow.executor.ExecutorFactory - >> processorType: 'local'
Apr-03 18:54:26.361 [main] DEBUG nextflow.script.ProcessConfig - Config settings `withName:FILTER_VCF` matches process FILTER_VCF
Apr-03 18:54:26.364 [main] DEBUG nextflow.executor.ExecutorFactory - << taskConfig executor: local
Apr-03 18:54:26.364 [main] DEBUG nextflow.executor.ExecutorFactory - >> processorType: 'local'
Apr-03 18:54:26.385 [main] DEBUG nextflow.executor.ExecutorFactory - << taskConfig executor: local
Apr-03 18:54:26.387 [main] DEBUG nextflow.executor.ExecutorFactory - >> processorType: 'local'
Apr-03 18:54:26.394 [main] DEBUG nextflow.Session - Workflow process names [dsl2]: IMPUTE_BEAGLE, PHASE_SHAPEIT5, RUN_R_SELECT, PREPARE_R_INPUT, IMPUTE, PHASE, VCF_TO_BCF, ALIGNMENT, MERGE_VCF, IMPUTE_MINIMAC4, PHASE_EAGLE, BCF_TO_VCF, FILTER_VCF, CONVERT_REFP
Apr-03 18:54:26.396 [main] DEBUG nextflow.Session - Igniting dataflow network (10)
Apr-03 18:54:26.405 [main] DEBUG nextflow.processor.TaskProcessor - Starting process > ALIGNMENT
Apr-03 18:54:26.405 [main] DEBUG nextflow.processor.TaskProcessor - Starting process > VCF_TO_BCF
Apr-03 18:54:26.407 [main] DEBUG nextflow.processor.TaskProcessor - Starting process > PHASE_EAGLE
Apr-03 18:54:26.409 [main] DEBUG nextflow.processor.TaskProcessor - Starting process > CONVERT_REFP
Apr-03 18:54:26.409 [main] DEBUG nextflow.processor.TaskProcessor - Starting process > IMPUTE_MINIMAC4
Apr-03 18:54:26.413 [main] DEBUG nextflow.processor.TaskProcessor - Starting process > PREPARE_R_INPUT
Apr-03 18:54:26.413 [main] DEBUG nextflow.processor.TaskProcessor - Starting process > RUN_R_SELECT
Apr-03 18:54:26.413 [main] DEBUG nextflow.processor.TaskProcessor - Starting process > FILTER_VCF
Apr-03 18:54:26.414 [main] DEBUG nextflow.processor.TaskProcessor - Starting process > MERGE_VCF
Apr-03 18:54:26.415 [main] DEBUG nextflow.script.ScriptRunner - Parsed script files:
  Script_2002037c42a34b05: /workspaces/Two_Step_Imputation/./modules/bcf_to_vcf.nf
  Script_83c0f549fb3bc761: /workspaces/Two_Step_Imputation/./modules/convert_refp.nf
  Script_f189125c567faa80: /workspaces/Two_Step_Imputation/./modules/run_r_select.nf
  Script_136f55ad13d7d1e7: /workspaces/Two_Step_Imputation/./modules/filter_vcf.nf
  Script_a69b526379cde7bd: /workspaces/Two_Step_Imputation/./modules/impute.nf
  Script_fc1669ccc3e3a45a: /workspaces/Two_Step_Imputation/./modules/vcf_to_bcf.nf
  Script_77484ac0dacd2712: /workspaces/Two_Step_Imputation/./modules/alignment.nf
  Script_a8d2f0cadafd7646: /workspaces/Two_Step_Imputation/./modules/phase.nf
  Script_19bed6eff2ac9fca: /workspaces/Two_Step_Imputation/main.nf
  Script_7324f5518234783c: /workspaces/Two_Step_Imputation/./modules/phase_shapeit5.nf
  Script_ba7c01d1b68f2bea: /workspaces/Two_Step_Imputation/./modules/impute_beagle.nf
  Script_ffa0c2a3eee522f5: /workspaces/Two_Step_Imputation/./modules/prepare_r_input.nf
  Script_38da1ef84090f420: /workspaces/Two_Step_Imputation/./modules/merge_vcf.nf
Apr-03 18:54:26.416 [main] DEBUG nextflow.script.ScriptRunner - > Awaiting termination 
Apr-03 18:54:26.416 [main] DEBUG nextflow.Session - Session await
Apr-03 18:54:26.412 [Actor Thread 5] WARN  nextflow.script.ScriptBinding - Access to undefined parameter `chromosomes` -- Initialise it to a default value eg. `params.chromosomes = some_value`
Apr-03 18:54:26.424 [Actor Thread 5] INFO  nextflow.Nextflow - Found input VCF: /workspaces/Two_Step_Imputation/Cohort_test/Cohort_test_1/test_cohort1_filtered_chr10.recode.vcf.gz
Apr-03 18:54:26.424 [Actor Thread 5] INFO  nextflow.Nextflow - Found input VCF: /workspaces/Two_Step_Imputation/Cohort_test/Cohort_test_1/test_cohort1_filtered_chr11.recode.vcf.gz
Apr-03 18:54:26.450 [Actor Thread 5] INFO  nextflow.Nextflow - Found input VCF: /workspaces/Two_Step_Imputation/Cohort_test/Cohort_test_2/test_cohort2_filtered_chr10.recode.vcf.gz
Apr-03 18:54:26.453 [Actor Thread 5] INFO  nextflow.Nextflow - Found input VCF: /workspaces/Two_Step_Imputation/Cohort_test/Cohort_test_2/test_cohort2_filtered_chr11.recode.vcf.gz
Apr-03 18:54:26.507 [Actor Thread 5] INFO  nextflow.Nextflow - Found input VCF: /workspaces/Two_Step_Imputation/Cohort_test/Cohort_test_3/test_cohort3_filtered_chr10.recode.vcf.gz
Apr-03 18:54:26.513 [Actor Thread 5] INFO  nextflow.Nextflow - Found input VCF: /workspaces/Two_Step_Imputation/Cohort_test/Cohort_test_3/test_cohort3_filtered_chr11.recode.vcf.gz
Apr-03 18:54:26.563 [Actor Thread 5] ERROR nextflow.extension.DataflowHelper - @unknown
groovy.lang.MissingMethodException: No signature of method: nextflow.util.ArrayBag.combinations() is applicable for argument types: (Integer) values: [2]
Possible solutions: combinations(), combinations(groovy.lang.Closure)
	at org.codehaus.groovy.runtime.ScriptBytecodeAdapter.unwrap(ScriptBytecodeAdapter.java:72)
	at org.codehaus.groovy.vmplugin.v8.IndyGuardsFiltersAndSignatures.unwrap(IndyGuardsFiltersAndSignatures.java:163)
	at org.codehaus.groovy.vmplugin.v8.IndyInterface.fromCache(IndyInterface.java:321)
	at Script_19bed6eff2ac9fca$_runScript_closure1$_closure2$_closure8.doCall(Script_19bed6eff2ac9fca:172)
	at java.base/jdk.internal.reflect.DirectMethodHandleAccessor.invoke(DirectMethodHandleAccessor.java:103)
	at java.base/java.lang.reflect.Method.invoke(Method.java:580)
	at org.codehaus.groovy.reflection.CachedMethod.invoke(CachedMethod.java:343)
	at groovy.lang.MetaMethod.doMethodInvoke(MetaMethod.java:328)
	at org.codehaus.groovy.runtime.metaclass.ClosureMetaClass.invokeMethod(ClosureMetaClass.java:279)
	at groovy.lang.MetaClassImpl.invokeMethod(MetaClassImpl.java:1007)
	at org.codehaus.groovy.vmplugin.v8.IndyInterface.fromCache(IndyInterface.java:321)
	at nextflow.extension.OperatorImpl$_flatMap_closure1.doCall(OperatorImpl.groovy:142)
	at java.base/jdk.internal.reflect.DirectMethodHandleAccessor.invoke(DirectMethodHandleAccessor.java:103)
	at java.base/java.lang.reflect.Method.invoke(Method.java:580)
	at org.codehaus.groovy.reflection.CachedMethod.invoke(CachedMethod.java:343)
	at groovy.lang.MetaMethod.doMethodInvoke(MetaMethod.java:328)
	at org.codehaus.groovy.runtime.metaclass.ClosureMetaClass.invokeMethod(ClosureMetaClass.java:279)
	at groovy.lang.MetaClassImpl.invokeMethod(MetaClassImpl.java:1007)
	at groovy.lang.Closure.call(Closure.java:433)
	at groovyx.gpars.dataflow.operator.DataflowOperatorActor.startTask(DataflowOperatorActor.java:120)
	at groovyx.gpars.dataflow.operator.DataflowOperatorActor.onMessage(DataflowOperatorActor.java:108)
	at groovyx.gpars.actor.impl.SDAClosure$1.call(SDAClosure.java:43)
	at groovyx.gpars.actor.AbstractLoopingActor.runEnhancedWithoutRepliesOnMessages(AbstractLoopingActor.java:293)
	at groovyx.gpars.actor.AbstractLoopingActor.access$400(AbstractLoopingActor.java:30)
	at groovyx.gpars.actor.AbstractLoopingActor$1.handleMessage(AbstractLoopingActor.java:93)
	at groovyx.gpars.util.AsyncMessagingCore.run(AsyncMessagingCore.java:132)
	at java.base/java.util.concurrent.ThreadPoolExecutor.runWorker(ThreadPoolExecutor.java:1144)
	at java.base/java.util.concurrent.ThreadPoolExecutor$Worker.run(ThreadPoolExecutor.java:642)
	at java.base/java.lang.Thread.run(Thread.java:1583)
Apr-03 18:54:26.706 [Actor Thread 5] DEBUG nextflow.Session - Session aborted -- Cause: No signature of method: nextflow.util.ArrayBag.combinations() is applicable for argument types: (Integer) values: [2]
Possible solutions: combinations(), combinations(groovy.lang.Closure)
Apr-03 18:54:26.748 [Task monitor] DEBUG n.processor.TaskPollingMonitor - <<< barrier arrives (monitor: local) - terminating tasks monitor poll loop
Apr-03 18:54:26.864 [Actor Thread 5] DEBUG nextflow.Session - The following nodes are still active:
[process] ALIGNMENT
  status=ACTIVE
  port 0: (queue) OPEN  ; channel: -
  port 1: (cntrl) -     ; channel: $

[process] VCF_TO_BCF
  status=ACTIVE
  port 0: (queue) OPEN  ; channel: -
  port 1: (cntrl) -     ; channel: $

[process] PHASE_EAGLE
  status=ACTIVE
  port 0: (queue) OPEN  ; channel: -
  port 1: (cntrl) -     ; channel: $

[process] CONVERT_REFP
  status=ACTIVE
  port 0: (queue) OPEN  ; channel: -
  port 1: (cntrl) -     ; channel: $

[process] IMPUTE_MINIMAC4
  status=ACTIVE
  port 0: (queue) OPEN  ; channel: -
  port 1: (cntrl) -     ; channel: $

[process] PREPARE_R_INPUT
  status=ACTIVE
  port 0: (queue) OPEN  ; channel: -
  port 1: (cntrl) -     ; channel: $

[process] RUN_R_SELECT
  status=ACTIVE
  port 0: (queue) OPEN  ; channel: -
  port 1: (cntrl) -     ; channel: $

[process] FILTER_VCF
  status=ACTIVE
  port 0: (queue) OPEN  ; channel: -
  port 1: (cntrl) -     ; channel: $

[process] MERGE_VCF
  status=ACTIVE
  port 0: (queue) OPEN  ; channel: -
  port 1: (cntrl) -     ; channel: $

Apr-03 18:54:26.871 [Actor Thread 5] DEBUG nextflow.Session - 
Thread[#24,AnsiLogObserver,5,main]
  java.base@21.0.6/java.lang.Object.wait0(Native Method)
  java.base@21.0.6/java.lang.Object.wait(Object.java:366)
  app//nextflow.trace.AnsiLogObserver.render0(AnsiLogObserver.groovy:185)
  java.base@21.0.6/java.lang.invoke.DirectMethodHandle$Holder.invokeVirtual(DirectMethodHandle$Holder)
  java.base@21.0.6/java.lang.invoke.LambdaForm$MH/0x0000799de4369000.invoke(LambdaForm$MH)
  java.base@21.0.6/java.lang.invoke.Invokers$Holder.invokeExact_MT(Invokers$Holder)
  java.base@21.0.6/jdk.internal.reflect.DirectMethodHandleAccessor.invokeImpl(DirectMethodHandleAccessor.java:154)
  java.base@21.0.6/jdk.internal.reflect.DirectMethodHandleAccessor.invoke(DirectMethodHandleAccessor.java:103)
  java.base@21.0.6/java.lang.reflect.Method.invoke(Method.java:580)
  app//org.codehaus.groovy.reflection.CachedMethod.invoke(CachedMethod.java:343)
  app//groovy.lang.MetaMethod.doMethodInvoke(MetaMethod.java:328)
  app//groovy.lang.MetaClassImpl.doInvokeMethod(MetaClassImpl.java:1333)
  app//groovy.lang.MetaClassImpl.invokeMethod(MetaClassImpl.java:1088)
  app//groovy.lang.MetaClassImpl.invokeMethodClosure(MetaClassImpl.java:1017)
  app//groovy.lang.MetaClassImpl.doInvokeMethod(MetaClassImpl.java:1207)
  app//groovy.lang.MetaClassImpl.invokeMethod(MetaClassImpl.java:1088)
  app//groovy.lang.MetaClassImpl.invokeMethod(MetaClassImpl.java:1007)
  app//groovy.lang.Closure.call(Closure.java:433)
  app//groovy.lang.Closure.call(Closure.java:412)
  app//groovy.lang.Closure.run(Closure.java:505)
  java.base@21.0.6/java.lang.Thread.runWith(Thread.java:1596)
  java.base@21.0.6/java.lang.Thread.run(Thread.java:1583)

Thread[#9,Reference Handler,10,system]
  java.base@21.0.6/java.lang.ref.Reference.waitForReferencePendingList(Native Method)
  java.base@21.0.6/java.lang.ref.Reference.processPendingReferences(Reference.java:246)
  java.base@21.0.6/java.lang.ref.Reference$ReferenceHandler.run(Reference.java:208)

Thread[#17,Notification Thread,9,system]

Thread[#26,Actor Thread 3,5,main]
  java.base@21.0.6/jdk.internal.misc.Unsafe.park(Native Method)
  java.base@21.0.6/java.util.concurrent.locks.LockSupport.parkNanos(LockSupport.java:410)
  java.base@21.0.6/java.util.concurrent.LinkedTransferQueue$DualNode.await(LinkedTransferQueue.java:452)
  java.base@21.0.6/java.util.concurrent.SynchronousQueue$Transferer.xferLifo(SynchronousQueue.java:194)
  java.base@21.0.6/java.util.concurrent.SynchronousQueue.xfer(SynchronousQueue.java:235)
  java.base@21.0.6/java.util.concurrent.SynchronousQueue.poll(SynchronousQueue.java:338)
  java.base@21.0.6/java.util.concurrent.ThreadPoolExecutor.getTask(ThreadPoolExecutor.java:1069)
  java.base@21.0.6/java.util.concurrent.ThreadPoolExecutor.runWorker(ThreadPoolExecutor.java:1130)
  java.base@21.0.6/java.util.concurrent.ThreadPoolExecutor$Worker.run(ThreadPoolExecutor.java:642)
  java.base@21.0.6/java.lang.Thread.runWith(Thread.java:1596)
  java.base@21.0.6/java.lang.Thread.run(Thread.java:1583)

Thread[#33,Actor Thread 6,5,main]
  java.base@21.0.6/jdk.internal.misc.Unsafe.park(Native Method)
  java.base@21.0.6/java.util.concurrent.locks.LockSupport.parkNanos(LockSupport.java:410)
  java.base@21.0.6/java.util.concurrent.LinkedTransferQueue$DualNode.await(LinkedTransferQueue.java:452)
  java.base@21.0.6/java.util.concurrent.SynchronousQueue$Transferer.xferLifo(SynchronousQueue.java:194)
  java.base@21.0.6/java.util.concurrent.SynchronousQueue.xfer(SynchronousQueue.java:235)
  java.base@21.0.6/java.util.concurrent.SynchronousQueue.poll(SynchronousQueue.java:338)
  java.base@21.0.6/java.util.concurrent.ThreadPoolExecutor.getTask(ThreadPoolExecutor.java:1069)
  java.base@21.0.6/java.util.concurrent.ThreadPoolExecutor.runWorker(ThreadPoolExecutor.java:1130)
  java.base@21.0.6/java.util.concurrent.ThreadPoolExecutor$Worker.run(ThreadPoolExecutor.java:642)
  java.base@21.0.6/java.lang.Thread.runWith(Thread.java:1596)
  java.base@21.0.6/java.lang.Thread.run(Thread.java:1583)

Thread[#10,Finalizer,8,system]
  java.base@21.0.6/java.lang.Object.wait0(Native Method)
  java.base@21.0.6/java.lang.Object.wait(Object.java:366)
  java.base@21.0.6/java.lang.Object.wait(Object.java:339)
  java.base@21.0.6/java.lang.ref.NativeReferenceQueue.await(NativeReferenceQueue.java:48)
  java.base@21.0.6/java.lang.ref.ReferenceQueue.remove0(ReferenceQueue.java:158)
  java.base@21.0.6/java.lang.ref.NativeReferenceQueue.remove(NativeReferenceQueue.java:89)
  java.base@21.0.6/java.lang.ref.Finalizer$FinalizerThread.run(Finalizer.java:173)

Thread[#32,Actor Thread 5,5,main]
  java.base@21.0.6/java.lang.Thread.dumpThreads(Native Method)
  java.base@21.0.6/java.lang.Thread.getAllStackTraces(Thread.java:2522)
  app//nextflow.util.SysHelper.dumpThreads(SysHelper.groovy:188)
  app//nextflow.Session.abort(Session.groovy:800)
  java.base@21.0.6/java.lang.invoke.DirectMethodHandle$Holder.invokeVirtual(DirectMethodHandle$Holder)
  java.base@21.0.6/java.lang.invoke.LambdaForm$MH/0x0000799de4369000.invoke(LambdaForm$MH)
  java.base@21.0.6/java.lang.invoke.LambdaForm$MH/0x0000799de4102000.guardWithCatch(LambdaForm$MH)
  java.base@21.0.6/java.lang.invoke.LambdaForm$MH/0x0000799de4102800.reinvoke(LambdaForm$MH)
  java.base@21.0.6/java.lang.invoke.LambdaForm$MH/0x0000799de4102c00.guard(LambdaForm$MH)
  java.base@21.0.6/java.lang.invoke.LambdaForm$MH/0x0000799de4102800.reinvoke(LambdaForm$MH)
  java.base@21.0.6/java.lang.invoke.LambdaForm$MH/0x0000799de4102c00.guard(LambdaForm$MH)
  java.base@21.0.6/java.lang.invoke.LambdaForm$MH/0x0000799de4102800.reinvoke(LambdaForm$MH)
  java.base@21.0.6/java.lang.invoke.LambdaForm$MH/0x0000799de416d400.invoke(LambdaForm$MH)
  java.base@21.0.6/java.lang.invoke.Invokers$Holder.invokeExact_MT(Invokers$Holder)
  app//org.codehaus.groovy.vmplugin.v8.IndyInterface.fromCache(IndyInterface.java:321)
  java.base@21.0.6/java.lang.invoke.LambdaForm$DMH/0x0000799de40aa400.invokeStatic(LambdaForm$DMH)
  java.base@21.0.6/java.lang.invoke.LambdaForm$MH/0x0000799de4101800.invoke(LambdaForm$MH)
  java.base@21.0.6/java.lang.invoke.Invokers$Holder.linkToCallSite(Invokers$Holder)
  app//nextflow.extension.DataflowHelper$2.onException(DataflowHelper.groovy:120)
  app//groovyx.gpars.dataflow.operator.DataflowProcessor.fireOnException(DataflowProcessor.java:331)
  app//groovyx.gpars.dataflow.operator.DataflowProcessor.reportError(DataflowProcessor.java:293)
  app//groovyx.gpars.dataflow.operator.DataflowProcessorActor.reportException(DataflowProcessorActor.java:125)
  app//groovyx.gpars.dataflow.operator.DataflowOperatorActor.startTask(DataflowOperatorActor.java:122)
  app//groovyx.gpars.dataflow.operator.DataflowOperatorActor.onMessage(DataflowOperatorActor.java:108)
  app//groovyx.gpars.actor.impl.SDAClosure$1.call(SDAClosure.java:43)
  app//groovyx.gpars.actor.AbstractLoopingActor.runEnhancedWithoutRepliesOnMessages(AbstractLoopingActor.java:293)
  app//groovyx.gpars.actor.AbstractLoopingActor.access$400(AbstractLoopingActor.java:30)
  app//groovyx.gpars.actor.AbstractLoopingActor$1.handleMessage(AbstractLoopingActor.java:93)
  app//groovyx.gpars.util.AsyncMessagingCore.run(AsyncMessagingCore.java:132)
  java.base@21.0.6/java.util.concurrent.ThreadPoolExecutor.runWorker(ThreadPoolExecutor.java:1144)
  java.base@21.0.6/java.util.concurrent.ThreadPoolExecutor$Worker.run(ThreadPoolExecutor.java:642)
  java.base@21.0.6/java.lang.Thread.runWith(Thread.java:1596)
  java.base@21.0.6/java.lang.Thread.run(Thread.java:1583)

Thread[#1,main,5,main]
  java.base@21.0.6/jdk.internal.misc.Unsafe.park(Native Method)
  java.base@21.0.6/java.util.concurrent.locks.LockSupport.park(LockSupport.java:371)
  java.base@21.0.6/java.util.concurrent.locks.AbstractQueuedSynchronizer$ConditionNode.block(AbstractQueuedSynchronizer.java:519)
  java.base@21.0.6/java.util.concurrent.ForkJoinPool.unmanagedBlock(ForkJoinPool.java:3780)
  java.base@21.0.6/java.util.concurrent.ForkJoinPool.managedBlock(ForkJoinPool.java:3725)
  java.base@21.0.6/java.util.concurrent.locks.AbstractQueuedSynchronizer$ConditionObject.await(AbstractQueuedSynchronizer.java:1712)
  app//nextflow.util.Barrier$_awaitCompletion_closure3.doCall(Barrier.groovy:92)
  app//nextflow.util.Barrier$_awaitCompletion_closure3.call(Barrier.groovy)
  app//nextflow.extension.Bolts.withLock(Bolts.groovy:337)
  app//nextflow.extension.Bolts.withLock(Bolts.groovy)
  app//nextflow.util.Barrier.awaitCompletion(Barrier.groovy:89)
  app//nextflow.Session.await(Session.groovy:676)
  app//nextflow.script.ScriptRunner.await(ScriptRunner.groovy:256)
  app//nextflow.script.ScriptRunner.execute(ScriptRunner.groovy:144)
  app//nextflow.cli.CmdRun.run(CmdRun.groovy:376)
  app//nextflow.cli.Launcher.run(Launcher.groovy:503)
  app//nextflow.cli.Launcher.main(Launcher.groovy:658)

Thread[#35,Actor Thread 8,5,main]
  java.base@21.0.6/jdk.internal.misc.Unsafe.park(Native Method)
  java.base@21.0.6/java.util.concurrent.locks.LockSupport.parkNanos(LockSupport.java:410)
  java.base@21.0.6/java.util.concurrent.LinkedTransferQueue$DualNode.await(LinkedTransferQueue.java:452)
  java.base@21.0.6/java.util.concurrent.SynchronousQueue$Transferer.xferLifo(SynchronousQueue.java:194)
  java.base@21.0.6/java.util.concurrent.SynchronousQueue.xfer(SynchronousQueue.java:235)
  java.base@21.0.6/java.util.concurrent.SynchronousQueue.poll(SynchronousQueue.java:338)
  java.base@21.0.6/java.util.concurrent.ThreadPoolExecutor.getTask(ThreadPoolExecutor.java:1069)
  java.base@21.0.6/java.util.concurrent.ThreadPoolExecutor.runWorker(ThreadPoolExecutor.java:1130)
  java.base@21.0.6/java.util.concurrent.ThreadPoolExecutor$Worker.run(ThreadPoolExecutor.java:642)
  java.base@21.0.6/java.lang.Thread.runWith(Thread.java:1596)
  java.base@21.0.6/java.lang.Thread.run(Thread.java:1583)

Thread[#16,Common-Cleaner,8,InnocuousThreadGroup]
  java.base@21.0.6/jdk.internal.misc.Unsafe.park(Native Method)
  java.base@21.0.6/java.util.concurrent.locks.LockSupport.parkNanos(LockSupport.java:269)
  java.base@21.0.6/java.util.concurrent.locks.AbstractQueuedSynchronizer$ConditionObject.await(AbstractQueuedSynchronizer.java:1852)
  java.base@21.0.6/java.lang.ref.ReferenceQueue.await(ReferenceQueue.java:71)
  java.base@21.0.6/java.lang.ref.ReferenceQueue.remove0(ReferenceQueue.java:143)
  java.base@21.0.6/java.lang.ref.ReferenceQueue.remove(ReferenceQueue.java:218)
  java.base@21.0.6/jdk.internal.ref.CleanerImpl.run(CleanerImpl.java:140)
  java.base@21.0.6/java.lang.Thread.runWith(Thread.java:1596)
  java.base@21.0.6/java.lang.Thread.run(Thread.java:1583)
  java.base@21.0.6/jdk.internal.misc.InnocuousThread.run(InnocuousThread.java:186)

Thread[#21,process reaper,10,InnocuousThreadGroup]
  java.base@21.0.6/jdk.internal.misc.Unsafe.park(Native Method)
  java.base@21.0.6/java.util.concurrent.locks.LockSupport.parkNanos(LockSupport.java:410)
  java.base@21.0.6/java.util.concurrent.LinkedTransferQueue$DualNode.await(LinkedTransferQueue.java:452)
  java.base@21.0.6/java.util.concurrent.SynchronousQueue$Transferer.xferLifo(SynchronousQueue.java:194)
  java.base@21.0.6/java.util.concurrent.SynchronousQueue.xfer(SynchronousQueue.java:235)
  java.base@21.0.6/java.util.concurrent.SynchronousQueue.poll(SynchronousQueue.java:338)
  java.base@21.0.6/java.util.concurrent.ThreadPoolExecutor.getTask(ThreadPoolExecutor.java:1069)
  java.base@21.0.6/java.util.concurrent.ThreadPoolExecutor.runWorker(ThreadPoolExecutor.java:1130)
  java.base@21.0.6/java.util.concurrent.ThreadPoolExecutor$Worker.run(ThreadPoolExecutor.java:642)
  java.base@21.0.6/java.lang.Thread.runWith(Thread.java:1596)
  java.base@21.0.6/java.lang.Thread.run(Thread.java:1583)
  java.base@21.0.6/jdk.internal.misc.InnocuousThread.run(InnocuousThread.java:186)

Thread[#23,Actor Thread 1,5,main]
  java.base@21.0.6/jdk.internal.misc.Unsafe.park(Native Method)
  java.base@21.0.6/java.util.concurrent.locks.LockSupport.park(LockSupport.java:221)
  java.base@21.0.6/java.util.concurrent.locks.AbstractQueuedSynchronizer.acquire(AbstractQueuedSynchronizer.java:754)
  java.base@21.0.6/java.util.concurrent.locks.AbstractQueuedSynchronizer.acquireSharedInterruptibly(AbstractQueuedSynchronizer.java:1099)
  java.base@21.0.6/java.util.concurrent.Semaphore.acquire(Semaphore.java:318)
  app//groovyx.gpars.dataflow.operator.ForkingDataflowOperatorActor.startTask(ForkingDataflowOperatorActor.java:50)
  app//groovyx.gpars.dataflow.operator.DataflowOperatorActor.onMessage(DataflowOperatorActor.java:108)
  app//groovyx.gpars.actor.impl.SDAClosure$1.call(SDAClosure.java:43)
  app//groovyx.gpars.actor.AbstractLoopingActor.runEnhancedWithoutRepliesOnMessages(AbstractLoopingActor.java:293)
  app//groovyx.gpars.actor.AbstractLoopingActor.access$400(AbstractLoopingActor.java:30)
  app//groovyx.gpars.actor.AbstractLoopingActor$1.handleMessage(AbstractLoopingActor.java:93)
  app//groovyx.gpars.util.AsyncMessagingCore.run(AsyncMessagingCore.java:132)
  java.base@21.0.6/java.util.concurrent.ThreadPoolExecutor.runWorker(ThreadPoolExecutor.java:1144)
  java.base@21.0.6/java.util.concurrent.ThreadPoolExecutor$Worker.run(ThreadPoolExecutor.java:642)
  java.base@21.0.6/java.lang.Thread.runWith(Thread.java:1596)
  java.base@21.0.6/java.lang.Thread.run(Thread.java:1583)

Thread[#31,Actor Thread 4,5,main]
  app//ch.artecat.grengine.load.DefaultTopCodeCache.getUpToDateCode(DefaultTopCodeCache.java:75)
  app//ch.artecat.grengine.load.LayeredClassLoader.getTopLoader(LayeredClassLoader.java:251)
  app//ch.artecat.grengine.load.LayeredClassLoader.loadMainClass(LayeredClassLoader.java:202)
  app//ch.artecat.grengine.engine.LayeredEngine.loadMainClass(LayeredEngine.java:198)
  app//ch.artecat.grengine.Grengine.loadMainClass(Grengine.java:679)
  app//ch.artecat.grengine.BaseGrengine.load(BaseGrengine.java:538)
  app//ch.artecat.grengine.BaseGrengine.create(BaseGrengine.java:735)
  app//ch.artecat.grengine.BaseGrengine.run(BaseGrengine.java:1525)
  app//ch.artecat.grengine.BaseGrengine.run(BaseGrengine.java:994)
  java.base@21.0.6/java.lang.invoke.LambdaForm$DMH/0x0000799de40b2800.invokeVirtual(LambdaForm$DMH)
  java.base@21.0.6/java.lang.invoke.LambdaForm$MH/0x0000799de4335800.invoke(LambdaForm$MH)
  java.base@21.0.6/java.lang.invoke.LambdaForm$MH/0x0000799de415b400.guardWithCatch(LambdaForm$MH)
  java.base@21.0.6/java.lang.invoke.LambdaForm$MH/0x0000799de4160000.reinvoke(LambdaForm$MH)
  java.base@21.0.6/java.lang.invoke.LambdaForm$MH/0x0000799de4160400.guard(LambdaForm$MH)
  java.base@21.0.6/java.lang.invoke.LambdaForm$MH/0x0000799de4160000.reinvoke(LambdaForm$MH)
  java.base@21.0.6/java.lang.invoke.LambdaForm$MH/0x0000799de448d000.invoke(LambdaForm$MH)
  java.base@21.0.6/java.lang.invoke.Invokers$Holder.invokeExact_MT(Invokers$Holder)
  app//org.codehaus.groovy.vmplugin.v8.IndyInterface.fromCache(IndyInterface.java:321)
  java.base@21.0.6/java.lang.invoke.LambdaForm$DMH/0x0000799de40aa400.invokeStatic(LambdaForm$DMH)
  java.base@21.0.6/java.lang.invoke.LambdaForm$MH/0x0000799de415a800.invoke(LambdaForm$MH)
  java.base@21.0.6/java.lang.invoke.Invokers$Holder.linkToCallSite(Invokers$Holder)
  app//nextflow.processor.TaskRun.getGlobalVars(TaskRun.groovy:949)
  java.base@21.0.6/java.lang.invoke.LambdaForm$DMH/0x0000799de40b3c00.invokeVirtual(LambdaForm$DMH)
  java.base@21.0.6/java.lang.invoke.LambdaForm$MH/0x0000799de41c1800.invoke(LambdaForm$MH)
  java.base@21.0.6/java.lang.invoke.LambdaForm$MH/0x0000799de4102000.guardWithCatch(LambdaForm$MH)
  java.base@21.0.6/java.lang.invoke.LambdaForm$MH/0x0000799de4102800.reinvoke(LambdaForm$MH)
  java.base@21.0.6/java.lang.invoke.LambdaForm$MH/0x0000799de4102c00.guard(LambdaForm$MH)
  java.base@21.0.6/java.lang.invoke.LambdaForm$MH/0x0000799de4102800.reinvoke(LambdaForm$MH)
  java.base@21.0.6/java.lang.invoke.LambdaForm$MH/0x0000799de4102c00.guard(LambdaForm$MH)
  java.base@21.0.6/java.lang.invoke.LambdaForm$MH/0x0000799de4102800.reinvoke(LambdaForm$MH)
  java.base@21.0.6/java.lang.invoke.LambdaForm$MH/0x0000799de4161c00.invoke(LambdaForm$MH)
  java.base@21.0.6/java.lang.invoke.Invokers$Holder.invokeExact_MT(Invokers$Holder)
  app//org.codehaus.groovy.vmplugin.v8.IndyInterface.fromCache(IndyInterface.java:321)
  java.base@21.0.6/java.lang.invoke.LambdaForm$DMH/0x0000799de40aa400.invokeStatic(LambdaForm$DMH)
  java.base@21.0.6/java.lang.invoke.LambdaForm$MH/0x0000799de4101800.invoke(LambdaForm$MH)
  java.base@21.0.6/java.lang.invoke.Invokers$Holder.linkToCallSite(Invokers$Holder)
  app//nextflow.processor.TaskProcessor.getTaskGlobalVars(TaskProcessor.groovy:2309)
  java.base@21.0.6/java.lang.invoke.LambdaForm$DMH/0x0000799de40b3c00.invokeVirtual(LambdaForm$DMH)
  java.base@21.0.6/java.lang.invoke.LambdaForm$MH/0x0000799de4102000.guardWithCatch(LambdaForm$MH)
  java.base@21.0.6/java.lang.invoke.LambdaForm$MH/0x0000799de4102800.reinvoke(LambdaForm$MH)
  java.base@21.0.6/java.lang.invoke.LambdaForm$MH/0x0000799de4102c00.guard(LambdaForm$MH)
  java.base@21.0.6/java.lang.invoke.LambdaForm$MH/0x0000799de4102800.reinvoke(LambdaForm$MH)
  java.base@21.0.6/java.lang.invoke.LambdaForm$MH/0x0000799de4102c00.guard(LambdaForm$MH)
  java.base@21.0.6/java.lang.invoke.LambdaForm$MH/0x0000799de4102800.reinvoke(LambdaForm$MH)
  java.base@21.0.6/java.lang.invoke.LambdaForm$MH/0x0000799de4159400.invoke(LambdaForm$MH)
  java.base@21.0.6/java.lang.invoke.Invokers$Holder.invokeExact_MT(Invokers$Holder)
  app//org.codehaus.groovy.vmplugin.v8.IndyInterface.fromCache(IndyInterface.java:321)
  java.base@21.0.6/java.lang.invoke.LambdaForm$DMH/0x0000799de40aa400.invokeStatic(LambdaForm$DMH)
  java.base@21.0.6/java.lang.invoke.LambdaForm$MH/0x0000799de4101800.invoke(LambdaForm$MH)
  java.base@21.0.6/java.lang.invoke.Invokers$Holder.linkToCallSite(Invokers$Holder)
  app//nextflow.processor.TaskProcessor.createTaskHashKey(TaskProcessor.groovy:2209)
  java.base@21.0.6/java.lang.invoke.DirectMethodHandle$Holder.invokeSpecial(DirectMethodHandle$Holder)
  java.base@21.0.6/java.lang.invoke.LambdaForm$MH/0x0000799de41c1800.invoke(LambdaForm$MH)
  java.base@21.0.6/java.lang.invoke.LambdaForm$MH/0x0000799de4102000.guardWithCatch(LambdaForm$MH)
  java.base@21.0.6/java.lang.invoke.LambdaForm$MH/0x0000799de4102800.reinvoke(LambdaForm$MH)
  java.base@21.0.6/java.lang.invoke.LambdaForm$MH/0x0000799de4102c00.guard(LambdaForm$MH)
  java.base@21.0.6/java.lang.invoke.LambdaForm$MH/0x0000799de4102800.reinvoke(LambdaForm$MH)
  java.base@21.0.6/java.lang.invoke.LambdaForm$MH/0x0000799de4102c00.guard(LambdaForm$MH)
  java.base@21.0.6/java.lang.invoke.LambdaForm$MH/0x0000799de4102800.reinvoke(LambdaForm$MH)
  java.base@21.0.6/java.lang.invoke.LambdaForm$MH/0x0000799de4161c00.invoke(LambdaForm$MH)
  java.base@21.0.6/java.lang.invoke.Invokers$Holder.invokeExact_MT(Invokers$Holder)
  app//org.codehaus.groovy.vmplugin.v8.IndyInterface.fromCache(IndyInterface.java:321)
  java.base@21.0.6/java.lang.invoke.LambdaForm$DMH/0x0000799de40aa400.invokeStatic(LambdaForm$DMH)
  java.base@21.0.6/java.lang.invoke.LambdaForm$MH/0x0000799de4101800.invoke(LambdaForm$MH)
  java.base@21.0.6/java.lang.invoke.Invokers$Holder.linkToCallSite(Invokers$Holder)
  app//nextflow.processor.TaskProcessor.invokeTask(TaskProcessor.groovy:654)
  app//nextflow.processor.InvokeTaskAdapter.call(InvokeTaskAdapter.groovy:52)
  app//groovyx.gpars.dataflow.operator.DataflowOperatorActor.startTask(DataflowOperatorActor.java:120)
  app//groovyx.gpars.dataflow.operator.ForkingDataflowOperatorActor.access$001(ForkingDataflowOperatorActor.java:35)
  app//groovyx.gpars.dataflow.operator.ForkingDataflowOperatorActor$1.run(ForkingDataflowOperatorActor.java:58)
  java.base@21.0.6/java.util.concurrent.ThreadPoolExecutor.runWorker(ThreadPoolExecutor.java:1144)
  java.base@21.0.6/java.util.concurrent.ThreadPoolExecutor$Worker.run(ThreadPoolExecutor.java:642)
  java.base@21.0.6/java.lang.Thread.runWith(Thread.java:1596)
  java.base@21.0.6/java.lang.Thread.run(Thread.java:1583)

Thread[#34,Actor Thread 7,5,main]
  java.base@21.0.6/java.util.zip.ZipFile$CleanableResource.<init>(ZipFile.java:725)
  java.base@21.0.6/java.util.zip.ZipFile.<init>(ZipFile.java:251)
  java.base@21.0.6/java.util.zip.ZipFile.<init>(ZipFile.java:180)
  java.base@21.0.6/java.util.jar.JarFile.<init>(JarFile.java:345)
  java.base@21.0.6/sun.net.www.protocol.jar.URLJarFile.<init>(URLJarFile.java:100)
  java.base@21.0.6/sun.net.www.protocol.jar.URLJarFile.getJarFile(URLJarFile.java:69)
  java.base@21.0.6/sun.net.www.protocol.jar.JarFileFactory.get(JarFileFactory.java:168)
  java.base@21.0.6/sun.net.www.protocol.jar.JarFileFactory.getOrCreate(JarFileFactory.java:91)
  java.base@21.0.6/sun.net.www.protocol.jar.JarURLConnection.connect(JarURLConnection.java:110)
  java.base@21.0.6/sun.net.www.protocol.jar.JarURLConnection.getInputStream(JarURLConnection.java:153)
  app//org.codehaus.groovy.util.URLStreams.openUncachedStream(URLStreams.java:42)
  app//org.codehaus.groovy.transform.ASTTransformationVisitor.doAddGlobalTransforms(ASTTransformationVisitor.java:282)
  app//org.codehaus.groovy.transform.ASTTransformationVisitor.addGlobalTransforms(ASTTransformationVisitor.java:273)
  app//org.codehaus.groovy.transform.ASTTransformationVisitor.addPhaseOperations(ASTTransformationVisitor.java:218)
  app//org.codehaus.groovy.control.CompilationUnit.addPhaseOperations(CompilationUnit.java:325)
  app//org.codehaus.groovy.control.CompilationUnit.<init>(CompilationUnit.java:182)
  app//org.codehaus.groovy.control.CompilationUnit.<init>(CompilationUnit.java:158)
  app//ch.artecat.grengine.code.groovy.DefaultGroovyCompiler.compile(DefaultGroovyCompiler.java:224)
  app//ch.artecat.grengine.load.DefaultTopCodeCache.getUpToDateCode(DefaultTopCodeCache.java:80)
  app//ch.artecat.grengine.load.LayeredClassLoader.getTopLoader(LayeredClassLoader.java:251)
  app//ch.artecat.grengine.load.LayeredClassLoader.loadMainClass(LayeredClassLoader.java:202)
  app//ch.artecat.grengine.engine.LayeredEngine.loadMainClass(LayeredEngine.java:198)
  app//ch.artecat.grengine.Grengine.loadMainClass(Grengine.java:679)
  app//ch.artecat.grengine.BaseGrengine.load(BaseGrengine.java:538)
  app//ch.artecat.grengine.BaseGrengine.create(BaseGrengine.java:735)
  app//ch.artecat.grengine.BaseGrengine.run(BaseGrengine.java:1525)
  app//ch.artecat.grengine.BaseGrengine.run(BaseGrengine.java:994)
  java.base@21.0.6/java.lang.invoke.LambdaForm$DMH/0x0000799de40b2800.invokeVirtual(LambdaForm$DMH)
  java.base@21.0.6/java.lang.invoke.LambdaForm$MH/0x0000799de4335800.invoke(LambdaForm$MH)
  java.base@21.0.6/java.lang.invoke.LambdaForm$MH/0x0000799de415b400.guardWithCatch(LambdaForm$MH)
  java.base@21.0.6/java.lang.invoke.LambdaForm$MH/0x0000799de4160000.reinvoke(LambdaForm$MH)
  java.base@21.0.6/java.lang.invoke.LambdaForm$MH/0x0000799de4160400.guard(LambdaForm$MH)
  java.base@21.0.6/java.lang.invoke.LambdaForm$MH/0x0000799de4160000.reinvoke(LambdaForm$MH)
  java.base@21.0.6/java.lang.invoke.LambdaForm$MH/0x0000799de448d000.invoke(LambdaForm$MH)
  java.base@21.0.6/java.lang.invoke.Invokers$Holder.invokeExact_MT(Invokers$Holder)
  app//org.codehaus.groovy.vmplugin.v8.IndyInterface.fromCache(IndyInterface.java:321)
  java.base@21.0.6/java.lang.invoke.LambdaForm$DMH/0x0000799de40aa400.invokeStatic(LambdaForm$DMH)
  java.base@21.0.6/java.lang.invoke.LambdaForm$MH/0x0000799de415a800.invoke(LambdaForm$MH)
  java.base@21.0.6/java.lang.invoke.Invokers$Holder.linkToCallSite(Invokers$Holder)
  app//nextflow.processor.TaskRun.getGlobalVars(TaskRun.groovy:949)
  java.base@21.0.6/java.lang.invoke.LambdaForm$DMH/0x0000799de40b3c00.invokeVirtual(LambdaForm$DMH)
  java.base@21.0.6/java.lang.invoke.LambdaForm$MH/0x0000799de41c1800.invoke(LambdaForm$MH)
  java.base@21.0.6/java.lang.invoke.LambdaForm$MH/0x0000799de4102000.guardWithCatch(LambdaForm$MH)
  java.base@21.0.6/java.lang.invoke.LambdaForm$MH/0x0000799de4102800.reinvoke(LambdaForm$MH)
  java.base@21.0.6/java.lang.invoke.LambdaForm$MH/0x0000799de4102c00.guard(LambdaForm$MH)
  java.base@21.0.6/java.lang.invoke.LambdaForm$MH/0x0000799de4102800.reinvoke(LambdaForm$MH)
  java.base@21.0.6/java.lang.invoke.LambdaForm$MH/0x0000799de4102c00.guard(LambdaForm$MH)
  java.base@21.0.6/java.lang.invoke.LambdaForm$MH/0x0000799de4102800.reinvoke(LambdaForm$MH)
  java.base@21.0.6/java.lang.invoke.LambdaForm$MH/0x0000799de4161c00.invoke(LambdaForm$MH)
  java.base@21.0.6/java.lang.invoke.Invokers$Holder.invokeExact_MT(Invokers$Holder)
  app//org.codehaus.groovy.vmplugin.v8.IndyInterface.fromCache(IndyInterface.java:321)
  java.base@21.0.6/java.lang.invoke.LambdaForm$DMH/0x0000799de40aa400.invokeStatic(LambdaForm$DMH)
  java.base@21.0.6/java.lang.invoke.LambdaForm$MH/0x0000799de4101800.invoke(LambdaForm$MH)
  java.base@21.0.6/java.lang.invoke.Invokers$Holder.linkToCallSite(Invokers$Holder)
  app//nextflow.processor.TaskProcessor.getTaskGlobalVars(TaskProcessor.groovy:2309)
  java.base@21.0.6/java.lang.invoke.LambdaForm$DMH/0x0000799de40b3c00.invokeVirtual(LambdaForm$DMH)
  java.base@21.0.6/java.lang.invoke.LambdaForm$MH/0x0000799de4102000.guardWithCatch(LambdaForm$MH)
  java.base@21.0.6/java.lang.invoke.LambdaForm$MH/0x0000799de4102800.reinvoke(LambdaForm$MH)
  java.base@21.0.6/java.lang.invoke.LambdaForm$MH/0x0000799de4102c00.guard(LambdaForm$MH)
  java.base@21.0.6/java.lang.invoke.LambdaForm$MH/0x0000799de4102800.reinvoke(LambdaForm$MH)
  java.base@21.0.6/java.lang.invoke.LambdaForm$MH/0x0000799de4102c00.guard(LambdaForm$MH)
  java.base@21.0.6/java.lang.invoke.LambdaForm$MH/0x0000799de4102800.reinvoke(LambdaForm$MH)
  java.base@21.0.6/java.lang.invoke.LambdaForm$MH/0x0000799de4159400.invoke(LambdaForm$MH)
  java.base@21.0.6/java.lang.invoke.Invokers$Holder.invokeExact_MT(Invokers$Holder)
  app//org.codehaus.groovy.vmplugin.v8.IndyInterface.fromCache(IndyInterface.java:321)
  java.base@21.0.6/java.lang.invoke.LambdaForm$DMH/0x0000799de40aa400.invokeStatic(LambdaForm$DMH)
  java.base@21.0.6/java.lang.invoke.LambdaForm$MH/0x0000799de4101800.invoke(LambdaForm$MH)
  java.base@21.0.6/java.lang.invoke.Invokers$Holder.linkToCallSite(Invokers$Holder)
  app//nextflow.processor.TaskProcessor.createTaskHashKey(TaskProcessor.groovy:2209)
  java.base@21.0.6/java.lang.invoke.DirectMethodHandle$Holder.invokeSpecial(DirectMethodHandle$Holder)
  java.base@21.0.6/java.lang.invoke.LambdaForm$MH/0x0000799de41c1800.invoke(LambdaForm$MH)
  java.base@21.0.6/java.lang.invoke.LambdaForm$MH/0x0000799de4102000.guardWithCatch(LambdaForm$MH)
  java.base@21.0.6/java.lang.invoke.LambdaForm$MH/0x0000799de4102800.reinvoke(LambdaForm$MH)
  java.base@21.0.6/java.lang.invoke.LambdaForm$MH/0x0000799de4102c00.guard(LambdaForm$MH)
  java.base@21.0.6/java.lang.invoke.LambdaForm$MH/0x0000799de4102800.reinvoke(LambdaForm$MH)
  java.base@21.0.6/java.lang.invoke.LambdaForm$MH/0x0000799de4102c00.guard(LambdaForm$MH)
  java.base@21.0.6/java.lang.invoke.LambdaForm$MH/0x0000799de4102800.reinvoke(LambdaForm$MH)
  java.base@21.0.6/java.lang.invoke.LambdaForm$MH/0x0000799de4161c00.invoke(LambdaForm$MH)
  java.base@21.0.6/java.lang.invoke.Invokers$Holder.invokeExact_MT(Invokers$Holder)
  app//org.codehaus.groovy.vmplugin.v8.IndyInterface.fromCache(IndyInterface.java:321)
  java.base@21.0.6/java.lang.invoke.LambdaForm$DMH/0x0000799de40aa400.invokeStatic(LambdaForm$DMH)
  java.base@21.0.6/java.lang.invoke.LambdaForm$MH/0x0000799de4101800.invoke(LambdaForm$MH)
  java.base@21.0.6/java.lang.invoke.Invokers$Holder.linkToCallSite(Invokers$Holder)
  app//nextflow.processor.TaskProcessor.invokeTask(TaskProcessor.groovy:654)
  app//nextflow.processor.InvokeTaskAdapter.call(InvokeTaskAdapter.groovy:52)
  app//groovyx.gpars.dataflow.operator.DataflowOperatorActor.startTask(DataflowOperatorActor.java:120)
  app//groovyx.gpars.dataflow.operator.ForkingDataflowOperatorActor.access$001(ForkingDataflowOperatorActor.java:35)
  app//groovyx.gpars.dataflow.operator.ForkingDataflowOperatorActor$1.run(ForkingDataflowOperatorActor.java:58)
  java.base@21.0.6/java.util.concurrent.ThreadPoolExecutor.runWorker(ThreadPoolExecutor.java:1144)
  java.base@21.0.6/java.util.concurrent.ThreadPoolExecutor$Worker.run(ThreadPoolExecutor.java:642)
  java.base@21.0.6/java.lang.Thread.runWith(Thread.java:1596)
  java.base@21.0.6/java.lang.Thread.run(Thread.java:1583)

Thread[#11,Signal Dispatcher,9,system]

Thread[#28,Task submitter,5,main]
  java.base@21.0.6/jdk.internal.misc.Unsafe.park(Native Method)
  java.base@21.0.6/java.util.concurrent.locks.LockSupport.park(LockSupport.java:371)
  java.base@21.0.6/java.util.concurrent.locks.AbstractQueuedSynchronizer$ConditionNode.block(AbstractQueuedSynchronizer.java:519)
  java.base@21.0.6/java.util.concurrent.ForkJoinPool.unmanagedBlock(ForkJoinPool.java:3780)
  java.base@21.0.6/java.util.concurrent.ForkJoinPool.managedBlock(ForkJoinPool.java:3725)
  java.base@21.0.6/java.util.concurrent.locks.AbstractQueuedSynchronizer$ConditionObject.await(AbstractQueuedSynchronizer.java:1712)
  app//nextflow.processor.TaskPollingMonitor.awaitTasks(TaskPollingMonitor.groovy:388)
  app//nextflow.processor.TaskPollingMonitor.submitLoop(TaskPollingMonitor.groovy:412)
  java.base@21.0.6/java.lang.invoke.LambdaForm$DMH/0x0000799de41a9c00.invokeVirtual(LambdaForm$DMH)
  java.base@21.0.6/java.lang.invoke.LambdaForm$MH/0x0000799de4334000.invoke(LambdaForm$MH)
  java.base@21.0.6/java.lang.invoke.Invokers$Holder.invokeExact_MT(Invokers$Holder)
  java.base@21.0.6/jdk.internal.reflect.DirectMethodHandleAccessor.invokeImpl(DirectMethodHandleAccessor.java:153)
  java.base@21.0.6/jdk.internal.reflect.DirectMethodHandleAccessor.invoke(DirectMethodHandleAccessor.java:103)
  java.base@21.0.6/java.lang.reflect.Method.invoke(Method.java:580)
  app//org.codehaus.groovy.reflection.CachedMethod.invoke(CachedMethod.java:343)
  app//groovy.lang.MetaMethod.doMethodInvoke(MetaMethod.java:328)
  app//groovy.lang.MetaClassImpl.doInvokeMethod(MetaClassImpl.java:1333)
  app//groovy.lang.MetaClassImpl.invokeMethod(MetaClassImpl.java:1088)
  app//groovy.lang.MetaClassImpl.invokeMethodClosure(MetaClassImpl.java:1017)
  app//groovy.lang.MetaClassImpl.doInvokeMethod(MetaClassImpl.java:1207)
  app//groovy.lang.MetaClassImpl.invokeMethod(MetaClassImpl.java:1088)
  app//groovy.lang.MetaClassImpl.invokeMethod(MetaClassImpl.java:1007)
  app//groovy.lang.Closure.call(Closure.java:433)
  app//groovy.lang.Closure.call(Closure.java:412)
  app//groovy.lang.Closure.run(Closure.java:505)
  java.base@21.0.6/java.lang.Thread.runWith(Thread.java:1596)
  java.base@21.0.6/java.lang.Thread.run(Thread.java:1583)

Thread[#22,Thread-1,5,main]
  java.base@21.0.6/jdk.internal.misc.Unsafe.park(Native Method)
  java.base@21.0.6/java.util.concurrent.locks.LockSupport.parkNanos(LockSupport.java:269)
  java.base@21.0.6/java.util.concurrent.locks.AbstractQueuedSynchronizer$ConditionObject.awaitNanos(AbstractQueuedSynchronizer.java:1763)
  java.base@21.0.6/java.util.concurrent.LinkedBlockingDeque.pollFirst(LinkedBlockingDeque.java:515)
  java.base@21.0.6/java.util.concurrent.LinkedBlockingDeque.poll(LinkedBlockingDeque.java:677)
  app//nextflow.util.SimpleAgent.run(SimpleAgent.groovy:89)
  java.base@21.0.6/java.lang.invoke.LambdaForm$DMH/0x0000799de41a9c00.invokeVirtual(LambdaForm$DMH)
  java.base@21.0.6/java.lang.invoke.LambdaForm$MH/0x0000799de4334000.invoke(LambdaForm$MH)
  java.base@21.0.6/java.lang.invoke.Invokers$Holder.invokeExact_MT(Invokers$Holder)
  java.base@21.0.6/jdk.internal.reflect.DirectMethodHandleAccessor.invokeImpl(DirectMethodHandleAccessor.java:153)
  java.base@21.0.6/jdk.internal.reflect.DirectMethodHandleAccessor.invoke(DirectMethodHandleAccessor.java:103)
  java.base@21.0.6/java.lang.reflect.Method.invoke(Method.java:580)
  app//org.codehaus.groovy.reflection.CachedMethod.invoke(CachedMethod.java:343)
  app//groovy.lang.MetaMethod.doMethodInvoke(MetaMethod.java:328)
  app//groovy.lang.MetaClassImpl.doInvokeMethod(MetaClassImpl.java:1333)
  app//groovy.lang.MetaClassImpl.invokeMethod(MetaClassImpl.java:1088)
  app//groovy.lang.MetaClassImpl.invokeMethodClosure(MetaClassImpl.java:1017)
  app//groovy.lang.MetaClassImpl.doInvokeMethod(MetaClassImpl.java:1207)
  app//groovy.lang.MetaClassImpl.invokeMethod(MetaClassImpl.java:1088)
  app//groovy.lang.MetaClassImpl.invokeMethod(MetaClassImpl.java:1007)
  app//groovy.lang.Closure.call(Closure.java:433)
  app//groovy.lang.Closure.call(Closure.java:412)
  app//groovy.lang.Closure.run(Closure.java:505)
  java.base@21.0.6/java.lang.Thread.runWith(Thread.java:1596)
  java.base@21.0.6/java.lang.Thread.run(Thread.java:1583)

Thread[#25,Actor Thread 2,5,main]
  java.base@21.0.6/jdk.internal.misc.Unsafe.park(Native Method)
  java.base@21.0.6/java.util.concurrent.locks.LockSupport.parkNanos(LockSupport.java:410)
  java.base@21.0.6/java.util.concurrent.LinkedTransferQueue$DualNode.await(LinkedTransferQueue.java:452)
  java.base@21.0.6/java.util.concurrent.SynchronousQueue$Transferer.xferLifo(SynchronousQueue.java:194)
  java.base@21.0.6/java.util.concurrent.SynchronousQueue.xfer(SynchronousQueue.java:235)
  java.base@21.0.6/java.util.concurrent.SynchronousQueue.poll(SynchronousQueue.java:338)
  java.base@21.0.6/java.util.concurrent.ThreadPoolExecutor.getTask(ThreadPoolExecutor.java:1069)
  java.base@21.0.6/java.util.concurrent.ThreadPoolExecutor.runWorker(ThreadPoolExecutor.java:1130)
  java.base@21.0.6/java.util.concurrent.ThreadPoolExecutor$Worker.run(ThreadPoolExecutor.java:642)
  java.base@21.0.6/java.lang.Thread.runWith(Thread.java:1596)
  java.base@21.0.6/java.lang.Thread.run(Thread.java:1583)

Thread[#30,PathVisitor-1,5,main]
  java.base@21.0.6/jdk.internal.misc.Unsafe.park(Native Method)
  java.base@21.0.6/java.util.concurrent.locks.LockSupport.parkNanos(LockSupport.java:410)
  java.base@21.0.6/java.util.concurrent.LinkedTransferQueue$DualNode.await(LinkedTransferQueue.java:452)
  java.base@21.0.6/java.util.concurrent.SynchronousQueue$Transferer.xferLifo(SynchronousQueue.java:194)
  java.base@21.0.6/java.util.concurrent.SynchronousQueue.xfer(SynchronousQueue.java:235)
  java.base@21.0.6/java.util.concurrent.SynchronousQueue.poll(SynchronousQueue.java:338)
  java.base@21.0.6/java.util.concurrent.ThreadPoolExecutor.getTask(ThreadPoolExecutor.java:1069)
  java.base@21.0.6/java.util.concurrent.ThreadPoolExecutor.runWorker(ThreadPoolExecutor.java:1130)
  java.base@21.0.6/java.util.concurrent.ThreadPoolExecutor$Worker.run(ThreadPoolExecutor.java:642)
  java.base@21.0.6/java.lang.Thread.runWith(Thread.java:1596)
  java.base@21.0.6/java.lang.Thread.run(Thread.java:1583)

Apr-03 18:54:26.887 [Actor Thread 5] ERROR nextflow.Nextflow - Pipeline Failed!
Apr-03 18:54:26.890 [Actor Thread 5] ERROR nextflow.script.WorkflowMetadata - Failed to invoke `workflow.onError` event handler
java.lang.NullPointerException: Cannot get property 'errorMessage' on null object
	at org.codehaus.groovy.runtime.NullObject.getProperty(NullObject.java:92)
	at org.codehaus.groovy.vmplugin.v8.IndyInterface.fromCache(IndyInterface.java:321)
	at Script_19bed6eff2ac9fca$_runScript_closure1$_closure2$_closure46.doCall(Script_19bed6eff2ac9fca:335)
	at java.base/jdk.internal.reflect.DirectMethodHandleAccessor.invoke(DirectMethodHandleAccessor.java:103)
	at java.base/java.lang.reflect.Method.invoke(Method.java:580)
	at org.codehaus.groovy.reflection.CachedMethod.invoke(CachedMethod.java:343)
	at groovy.lang.MetaMethod.doMethodInvoke(MetaMethod.java:328)
	at org.codehaus.groovy.runtime.metaclass.ClosureMetaClass.invokeMethod(ClosureMetaClass.java:279)
	at groovy.lang.MetaClassImpl.invokeMethod(MetaClassImpl.java:1007)
	at groovy.lang.Closure.call(Closure.java:433)
	at groovy.lang.Closure.call(Closure.java:422)
	at nextflow.script.WorkflowMetadata$_invokeOnError_closure4.doCall(WorkflowMetadata.groovy:449)
	at java.base/jdk.internal.reflect.DirectMethodHandleAccessor.invoke(DirectMethodHandleAccessor.java:103)
	at java.base/java.lang.reflect.Method.invoke(Method.java:580)
	at org.codehaus.groovy.reflection.CachedMethod.invoke(CachedMethod.java:343)
	at groovy.lang.MetaMethod.doMethodInvoke(MetaMethod.java:328)
	at org.codehaus.groovy.runtime.metaclass.ClosureMetaClass.invokeMethod(ClosureMetaClass.java:279)
	at groovy.lang.MetaClassImpl.invokeMethod(MetaClassImpl.java:1007)
	at groovy.lang.Closure.call(Closure.java:433)
	at groovy.lang.Closure.call(Closure.java:422)
	at org.codehaus.groovy.runtime.DefaultGroovyMethods.each(DefaultGroovyMethods.java:2394)
	at org.codehaus.groovy.runtime.DefaultGroovyMethods.each(DefaultGroovyMethods.java:2379)
	at org.codehaus.groovy.runtime.DefaultGroovyMethods.each(DefaultGroovyMethods.java:2420)
	at nextflow.script.WorkflowMetadata.invokeOnError(WorkflowMetadata.groovy:447)
	at java.base/jdk.internal.reflect.DirectMethodHandleAccessor.invoke(DirectMethodHandleAccessor.java:103)
	at java.base/java.lang.reflect.Method.invoke(Method.java:580)
	at org.codehaus.groovy.reflection.CachedMethod.invoke(CachedMethod.java:343)
	at groovy.lang.MetaMethod.doMethodInvoke(MetaMethod.java:328)
	at groovy.lang.MetaClassImpl.doInvokeMethod(MetaClassImpl.java:1333)
	at groovy.lang.MetaClassImpl.invokeMethod(MetaClassImpl.java:1088)
	at groovy.lang.MetaClassImpl.invokeMethodClosure(MetaClassImpl.java:1017)
	at groovy.lang.MetaClassImpl.doInvokeMethod(MetaClassImpl.java:1207)
	at groovy.lang.MetaClassImpl.invokeMethod(MetaClassImpl.java:1088)
	at groovy.lang.MetaClassImpl.invokeMethod(MetaClassImpl.java:1007)
	at groovy.lang.Closure.call(Closure.java:433)
	at groovy.lang.Closure.call(Closure.java:422)
	at nextflow.Session.notifyError(Session.groovy:1185)
	at nextflow.Session.abort(Session.groovy:802)
	at org.codehaus.groovy.vmplugin.v8.IndyInterface.fromCache(IndyInterface.java:321)
	at nextflow.extension.DataflowHelper$2.onException(DataflowHelper.groovy:120)
	at groovyx.gpars.dataflow.operator.DataflowProcessor.fireOnException(DataflowProcessor.java:331)
	at groovyx.gpars.dataflow.operator.DataflowProcessor.reportError(DataflowProcessor.java:293)
	at groovyx.gpars.dataflow.operator.DataflowProcessorActor.reportException(DataflowProcessorActor.java:125)
	at groovyx.gpars.dataflow.operator.DataflowOperatorActor.startTask(DataflowOperatorActor.java:122)
	at groovyx.gpars.dataflow.operator.DataflowOperatorActor.onMessage(DataflowOperatorActor.java:108)
	at groovyx.gpars.actor.impl.SDAClosure$1.call(SDAClosure.java:43)
	at groovyx.gpars.actor.AbstractLoopingActor.runEnhancedWithoutRepliesOnMessages(AbstractLoopingActor.java:293)
	at groovyx.gpars.actor.AbstractLoopingActor.access$400(AbstractLoopingActor.java:30)
	at groovyx.gpars.actor.AbstractLoopingActor$1.handleMessage(AbstractLoopingActor.java:93)
	at groovyx.gpars.util.AsyncMessagingCore.run(AsyncMessagingCore.java:132)
	at java.base/java.util.concurrent.ThreadPoolExecutor.runWorker(ThreadPoolExecutor.java:1144)
	at java.base/java.util.concurrent.ThreadPoolExecutor$Worker.run(ThreadPoolExecutor.java:642)
	at java.base/java.lang.Thread.run(Thread.java:1583)
Apr-03 18:54:26.900 [main] DEBUG nextflow.Session - Session await > all processes finished
Apr-03 18:54:26.900 [main] DEBUG nextflow.Session - Session await > all barriers passed
Apr-03 18:54:26.914 [Actor Thread 1] DEBUG nextflow.processor.TaskProcessor - Handling unexpected condition for
  task: name=ALIGNMENT; work-dir=null
  error [java.lang.IllegalStateException]: Cannot obtain the semaphore to fork operator's body.
Apr-03 18:54:26.928 [main] INFO  nextflow.Nextflow - Pipeline Complete
Apr-03 18:54:26.945 [main] DEBUG n.trace.WorkflowStatsObserver - Workflow completed > WorkflowStats[succeededCount=0; failedCount=0; ignoredCount=0; cachedCount=0; pendingCount=0; submittedCount=0; runningCount=0; retriesCount=0; abortedCount=0; succeedDuration=0ms; failedDuration=0ms; cachedDuration=0ms;loadCpus=0; loadMemory=0; peakRunning=0; peakCpus=0; peakMemory=0; ]
Apr-03 18:54:26.945 [main] DEBUG nextflow.trace.TraceFileObserver - Workflow completed -- saving trace file
Apr-03 18:54:26.947 [main] DEBUG nextflow.trace.ReportObserver - Workflow completed -- rendering execution report
Apr-03 18:54:27.541 [main] DEBUG nextflow.trace.TimelineObserver - Workflow completed -- rendering execution timeline
Apr-03 18:54:27.625 [main] DEBUG nextflow.cache.CacheDB - Closing CacheDB done
Apr-03 18:54:27.670 [main] DEBUG nextflow.script.ScriptRunner - > Execution complete -- Goodbye
